<?xml version="1.0" encoding="UTF-8"?>
<testsuite xmlns:xsi="http://www.w3.org/2001/XMLSchema-instance" xsi:noNamespaceSchemaLocation="https://maven.apache.org/surefire/maven-surefire-plugin/xsd/surefire-test-report.xsd" name="com.yerko.model.CalculadoraTest" time="0.179" tests="4" errors="0" skipped="0" failures="0">
  <properties>
    <property name="awt.toolkit" value="sun.awt.X11.XToolkit"/>
    <property name="java.specification.version" value="11"/>
    <property name="sun.cpu.isalist" value=""/>
    <property name="sun.jnu.encoding" value="UTF-8"/>
    <property name="java.class.path" value="/home/user32/Desktop/JAVA-BOOTCAMP/2.-DESAFIOS/3.-FUNDAMENTOS-PROGRAMACION-JAVA/7.-COLECCIONES-Y-API/desafioCalculadora/target/test-classes:/home/user32/Desktop/JAVA-BOOTCAMP/2.-DESAFIOS/3.-FUNDAMENTOS-PROGRAMACION-JAVA/7.-COLECCIONES-Y-API/desafioCalculadora/target/classes:/home/user32/.m2/repository/org/junit/jupiter/junit-jupiter/5.9.0-M1/junit-jupiter-5.9.0-M1.jar:/home/user32/.m2/repository/org/junit/jupiter/junit-jupiter-api/5.9.0-M1/junit-jupiter-api-5.9.0-M1.jar:/home/user32/.m2/repository/org/opentest4j/opentest4j/1.2.0/opentest4j-1.2.0.jar:/home/user32/.m2/repository/org/junit/platform/junit-platform-commons/1.9.0-M1/junit-platform-commons-1.9.0-M1.jar:/home/user32/.m2/repository/org/apiguardian/apiguardian-api/1.1.2/apiguardian-api-1.1.2.jar:/home/user32/.m2/repository/org/junit/jupiter/junit-jupiter-params/5.9.0-M1/junit-jupiter-params-5.9.0-M1.jar:/home/user32/.m2/repository/org/junit/jupiter/junit-jupiter-engine/5.9.0-M1/junit-jupiter-engine-5.9.0-M1.jar:/home/user32/.m2/repository/org/junit/platform/junit-platform-engine/1.9.0-M1/junit-platform-engine-1.9.0-M1.jar:"/>
    <property name="java.vm.vendor" value="Debian"/>
    <property name="sun.arch.data.model" value="64"/>
    <property name="swing.aatext" value="true"/>
    <property name="java.vendor.url" value="https://tracker.debian.org/openjdk-11"/>
    <property name="user.timezone" value=""/>
    <property name="java.vm.specification.version" value="11"/>
    <property name="os.name" value="Linux"/>
    <property name="sun.java.launcher" value="SUN_STANDARD"/>
    <property name="user.country" value="US"/>
    <property name="sun.boot.library.path" value="/usr/lib/jvm/java-11-openjdk-amd64/lib"/>
    <property name="sun.java.command" value="/home/user32/Desktop/JAVA-BOOTCAMP/2.-DESAFIOS/3.-FUNDAMENTOS-PROGRAMACION-JAVA/7.-COLECCIONES-Y-API/desafioCalculadora/target/surefire/surefirebooter2457311711006683257.jar /home/user32/Desktop/JAVA-BOOTCAMP/2.-DESAFIOS/3.-FUNDAMENTOS-PROGRAMACION-JAVA/7.-COLECCIONES-Y-API/desafioCalculadora/target/surefire 2022-06-07T20-56-52_327-jvmRun1 surefire13451847418470670762tmp surefire_016902806365935480865tmp"/>
    <property name="jdk.debug" value="release"/>
    <property name="surefire.test.class.path" value="/home/user32/Desktop/JAVA-BOOTCAMP/2.-DESAFIOS/3.-FUNDAMENTOS-PROGRAMACION-JAVA/7.-COLECCIONES-Y-API/desafioCalculadora/target/test-classes:/home/user32/Desktop/JAVA-BOOTCAMP/2.-DESAFIOS/3.-FUNDAMENTOS-PROGRAMACION-JAVA/7.-COLECCIONES-Y-API/desafioCalculadora/target/classes:/home/user32/.m2/repository/org/junit/jupiter/junit-jupiter/5.9.0-M1/junit-jupiter-5.9.0-M1.jar:/home/user32/.m2/repository/org/junit/jupiter/junit-jupiter-api/5.9.0-M1/junit-jupiter-api-5.9.0-M1.jar:/home/user32/.m2/repository/org/opentest4j/opentest4j/1.2.0/opentest4j-1.2.0.jar:/home/user32/.m2/repository/org/junit/platform/junit-platform-commons/1.9.0-M1/junit-platform-commons-1.9.0-M1.jar:/home/user32/.m2/repository/org/apiguardian/apiguardian-api/1.1.2/apiguardian-api-1.1.2.jar:/home/user32/.m2/repository/org/junit/jupiter/junit-jupiter-params/5.9.0-M1/junit-jupiter-params-5.9.0-M1.jar:/home/user32/.m2/repository/org/junit/jupiter/junit-jupiter-engine/5.9.0-M1/junit-jupiter-engine-5.9.0-M1.jar:/home/user32/.m2/repository/org/junit/platform/junit-platform-engine/1.9.0-M1/junit-platform-engine-1.9.0-M1.jar:"/>
    <property name="sun.cpu.endian" value="little"/>
    <property name="user.home" value="/home/user32"/>
    <property name="user.language" value="en"/>
    <property name="java.specification.vendor" value="Oracle Corporation"/>
    <property name="java.version.date" value="2022-02-08"/>
    <property name="java.home" value="/usr/lib/jvm/java-11-openjdk-amd64"/>
    <property name="file.separator" value="/"/>
    <property name="basedir" value="/home/user32/Desktop/JAVA-BOOTCAMP/2.-DESAFIOS/3.-FUNDAMENTOS-PROGRAMACION-JAVA/7.-COLECCIONES-Y-API/desafioCalculadora"/>
    <property name="java.vm.compressedOopsMode" value="32-bit"/>
    <property name="line.separator" value="&#10;"/>
    <property name="java.specification.name" value="Java Platform API Specification"/>
    <property name="java.vm.specification.vendor" value="Oracle Corporation"/>
    <property name="java.awt.graphicsenv" value="sun.awt.X11GraphicsEnvironment"/>
    <property name="surefire.real.class.path" value="/home/user32/Desktop/JAVA-BOOTCAMP/2.-DESAFIOS/3.-FUNDAMENTOS-PROGRAMACION-JAVA/7.-COLECCIONES-Y-API/desafioCalculadora/target/surefire/surefirebooter2457311711006683257.jar"/>
    <property name="awt.useSystemAAFontSettings" value="on"/>
    <property name="sun.management.compiler" value="HotSpot 64-Bit Tiered Compilers"/>
    <property name="java.runtime.version" value="11.0.14.1+1-post-Debian-1"/>
    <property name="user.name" value="user32"/>
    <property name="path.separator" value=":"/>
    <property name="os.version" value="5.16.0-kali7-amd64"/>
    <property name="java.runtime.name" value="OpenJDK Runtime Environment"/>
    <property name="file.encoding" value="UTF-8"/>
    <property name="java.vm.name" value="OpenJDK 64-Bit Server VM"/>
    <property name="localRepository" value="/home/user32/.m2/repository"/>
    <property name="java.vendor.url.bug" value="https://bugs.debian.org/openjdk-11"/>
    <property name="java.io.tmpdir" value="/tmp"/>
    <property name="idea.version" value="2022.1"/>
    <property name="java.version" value="11.0.14.1"/>
    <property name="user.dir" value="/home/user32/Desktop/JAVA-BOOTCAMP/2.-DESAFIOS/3.-FUNDAMENTOS-PROGRAMACION-JAVA/7.-COLECCIONES-Y-API/desafioCalculadora"/>
    <property name="os.arch" value="amd64"/>
    <property name="java.vm.specification.name" value="Java Virtual Machine Specification"/>
    <property name="java.awt.printerjob" value="sun.print.PSPrinterJob"/>
    <property name="sun.os.patch.level" value="unknown"/>
    <property name="java.library.path" value="/usr/java/packages/lib:/usr/lib/x86_64-linux-gnu/jni:/lib/x86_64-linux-gnu:/usr/lib/x86_64-linux-gnu:/usr/lib/jni:/lib:/usr/lib"/>
    <property name="java.vm.info" value="mixed mode, sharing"/>
    <property name="java.vendor" value="Debian"/>
    <property name="java.vm.version" value="11.0.14.1+1-post-Debian-1"/>
    <property name="sun.io.unicode.encoding" value="UnicodeLittle"/>
    <property name="java.class.version" value="55.0"/>
  </properties>
  <testcase name="restarTest" classname="com.yerko.model.CalculadoraTest" time="0.042"/>
  <testcase name="dividirTest" classname="com.yerko.model.CalculadoraTest" time="0.013"/>
  <testcase name="multiplicarTest" classname="com.yerko.model.CalculadoraTest" time="0.008"/>
  <testcase name="sumarTest" classname="com.yerko.model.CalculadoraTest" time="0.005"/>
</testsuite>